<?xml version="1.0" encoding="UTF-8"?>
<testng-results ignored="0" total="6" passed="5" failed="1" skipped="0">
  <reporter-output>
  </reporter-output>
  <suite started-at="2024-01-25T21:44:29 IST" name="TestNG Regression Suite" finished-at="2024-01-25T21:44:43 IST" duration-ms="13362">
    <groups>
    </groups>
    <test started-at="2024-01-25T21:44:29 IST" name="Google Test" finished-at="2024-01-25T21:44:38 IST" duration-ms="8128">
      <class name="testNgConcepts.GoogleTest">
        <test-method is-config="true" signature="setUp(java.lang.String,java.lang.String)[pri:0, instance:testNgConcepts.GoogleTest@2e3967ea]" started-at="2024-01-25T21:44:29 IST" name="setUp" finished-at="2024-01-25T21:44:37 IST" duration-ms="7328" status="PASS">
          <params>
            <param index="0">
              <value>
                <![CDATA[https://google.com]]>
              </value>
            </param>
            <param index="1">
              <value>
                <![CDATA[chrome]]>
              </value>
            </param>
          </params>
          <reporter-output>
          </reporter-output>
        </test-method> <!-- setUp -->
        <test-method signature="getCurrentUrlTest()[pri:0, instance:testNgConcepts.GoogleTest@2e3967ea]" started-at="2024-01-25T21:44:37 IST" name="getCurrentUrlTest" finished-at="2024-01-25T21:44:37 IST" duration-ms="25" status="PASS">
          <reporter-output>
          </reporter-output>
        </test-method> <!-- getCurrentUrlTest -->
        <test-method signature="getTitleTest()[pri:0, instance:testNgConcepts.GoogleTest@2e3967ea]" started-at="2024-01-25T21:44:37 IST" name="getTitleTest" finished-at="2024-01-25T21:44:37 IST" duration-ms="22" status="PASS">
          <reporter-output>
          </reporter-output>
        </test-method> <!-- getTitleTest -->
        <test-method is-config="true" signature="tearDown()[pri:0, instance:testNgConcepts.GoogleTest@2e3967ea]" started-at="2024-01-25T21:44:37 IST" name="tearDown" finished-at="2024-01-25T21:44:38 IST" duration-ms="679" status="PASS">
          <reporter-output>
          </reporter-output>
        </test-method> <!-- tearDown -->
      </class> <!-- testNgConcepts.GoogleTest -->
    </test> <!-- Google Test -->
    <test started-at="2024-01-25T21:44:29 IST" name="OpenCartTest" finished-at="2024-01-25T21:44:39 IST" duration-ms="9093">
      <class name="testNgConcepts.OpenCartTest">
        <test-method is-config="true" signature="setUp(java.lang.String,java.lang.String)[pri:0, instance:testNgConcepts.OpenCartTest@25ce9dc4]" started-at="2024-01-25T21:44:29 IST" name="setUp" finished-at="2024-01-25T21:44:38 IST" duration-ms="8496" status="PASS">
          <params>
            <param index="0">
              <value>
                <![CDATA[https://naveenautomationlabs.com/opencart/index.php?route=account/login]]>
              </value>
            </param>
            <param index="1">
              <value>
                <![CDATA[edge]]>
              </value>
            </param>
          </params>
          <reporter-output>
          </reporter-output>
        </test-method> <!-- setUp -->
        <test-method signature="getCurrentUrlTest()[pri:0, instance:testNgConcepts.OpenCartTest@25ce9dc4]" started-at="2024-01-25T21:44:38 IST" name="getCurrentUrlTest" finished-at="2024-01-25T21:44:38 IST" duration-ms="27" status="PASS">
          <reporter-output>
          </reporter-output>
        </test-method> <!-- getCurrentUrlTest -->
        <test-method signature="getTitleTest()[pri:0, instance:testNgConcepts.OpenCartTest@25ce9dc4]" started-at="2024-01-25T21:44:38 IST" name="getTitleTest" finished-at="2024-01-25T21:44:38 IST" duration-ms="26" status="PASS">
          <reporter-output>
          </reporter-output>
        </test-method> <!-- getTitleTest -->
        <test-method is-config="true" signature="tearDown()[pri:0, instance:testNgConcepts.OpenCartTest@25ce9dc4]" started-at="2024-01-25T21:44:38 IST" name="tearDown" finished-at="2024-01-25T21:44:39 IST" duration-ms="525" status="PASS">
          <reporter-output>
          </reporter-output>
        </test-method> <!-- tearDown -->
      </class> <!-- testNgConcepts.OpenCartTest -->
    </test> <!-- OpenCartTest -->
    <test started-at="2024-01-25T21:44:29 IST" name="Amazon Test" finished-at="2024-01-25T21:44:43 IST" duration-ms="13362">
      <class name="testNgConcepts.AmazonTest">
        <test-method is-config="true" signature="setUp(java.lang.String,java.lang.String)[pri:0, instance:testNgConcepts.AmazonTest@7674f035]" started-at="2024-01-25T21:44:29 IST" name="setUp" finished-at="2024-01-25T21:44:41 IST" duration-ms="11639" status="PASS">
          <params>
            <param index="0">
              <value>
                <![CDATA[https://amazon.com]]>
              </value>
            </param>
            <param index="1">
              <value>
                <![CDATA[firefox]]>
              </value>
            </param>
          </params>
          <reporter-output>
          </reporter-output>
        </test-method> <!-- setUp -->
        <test-method signature="getCurrentUrlTest()[pri:0, instance:testNgConcepts.AmazonTest@7674f035]" started-at="2024-01-25T21:44:41 IST" name="getCurrentUrlTest" finished-at="2024-01-25T21:44:41 IST" duration-ms="8" status="PASS">
          <reporter-output>
          </reporter-output>
        </test-method> <!-- getCurrentUrlTest -->
        <test-method signature="getTitleTest()[pri:0, instance:testNgConcepts.AmazonTest@7674f035]" started-at="2024-01-25T21:44:41 IST" name="getTitleTest" finished-at="2024-01-25T21:44:41 IST" duration-ms="33" status="FAIL">
          <exception class="java.lang.AssertionError">
            <message>
              <![CDATA[expected [Amazon] but found [Amazon.com. Spend less. Smile more.]]]>
            </message>
            <full-stacktrace>
              <![CDATA[java.lang.AssertionError: expected [Amazon] but found [Amazon.com. Spend less. Smile more.]
at org.testng.Assert.fail(Assert.java:111)
at org.testng.Assert.failNotEquals(Assert.java:1578)
at org.testng.Assert.assertEqualsImpl(Assert.java:150)
at org.testng.Assert.assertEquals(Assert.java:132)
at org.testng.Assert.assertEquals(Assert.java:656)
at org.testng.Assert.assertEquals(Assert.java:666)
at testNgConcepts.AmazonTest.getTitleTest(AmazonTest.java:21)
at java.base/jdk.internal.reflect.NativeMethodAccessorImpl.invoke0(Native Method)
at java.base/jdk.internal.reflect.NativeMethodAccessorImpl.invoke(NativeMethodAccessorImpl.java:77)
at java.base/jdk.internal.reflect.DelegatingMethodAccessorImpl.invoke(DelegatingMethodAccessorImpl.java:43)
at java.base/java.lang.reflect.Method.invoke(Method.java:568)
at org.testng.internal.invokers.MethodInvocationHelper.invokeMethod(MethodInvocationHelper.java:139)
at org.testng.internal.invokers.TestInvoker.invokeMethod(TestInvoker.java:664)
at org.testng.internal.invokers.TestInvoker.invokeTestMethod(TestInvoker.java:227)
at org.testng.internal.invokers.MethodRunner.runInSequence(MethodRunner.java:50)
at org.testng.internal.invokers.TestInvoker$MethodInvocationAgent.invoke(TestInvoker.java:957)
at org.testng.internal.invokers.TestInvoker.invokeTestMethods(TestInvoker.java:200)
at org.testng.internal.invokers.TestMethodWorker.invokeTestMethods(TestMethodWorker.java:148)
at org.testng.internal.invokers.TestMethodWorker.run(TestMethodWorker.java:128)
at java.base/java.util.ArrayList.forEach(ArrayList.java:1511)
at org.testng.TestRunner.privateRun(TestRunner.java:848)
at org.testng.TestRunner.run(TestRunner.java:621)
at org.testng.SuiteRunner.runTest(SuiteRunner.java:443)
at org.testng.SuiteRunner$SuiteWorker.run(SuiteRunner.java:481)
at org.testng.internal.thread.ThreadUtil.lambda$execute$0(ThreadUtil.java:58)
at java.base/java.util.concurrent.FutureTask.run(FutureTask.java:264)
at java.base/java.util.concurrent.ThreadPoolExecutor.runWorker(ThreadPoolExecutor.java:1136)
at java.base/java.util.concurrent.ThreadPoolExecutor$Worker.run(ThreadPoolExecutor.java:635)
at java.base/java.lang.Thread.run(Thread.java:833)
]]>
            </full-stacktrace>
          </exception> <!-- java.lang.AssertionError -->
          <reporter-output>
          </reporter-output>
        </test-method> <!-- getTitleTest -->
        <test-method is-config="true" signature="tearDown()[pri:0, instance:testNgConcepts.AmazonTest@7674f035]" started-at="2024-01-25T21:44:41 IST" name="tearDown" finished-at="2024-01-25T21:44:43 IST" duration-ms="1662" status="PASS">
          <reporter-output>
          </reporter-output>
        </test-method> <!-- tearDown -->
      </class> <!-- testNgConcepts.AmazonTest -->
    </test> <!-- Amazon Test -->
  </suite> <!-- TestNG Regression Suite -->
</testng-results>
